<?xml version="1.0" encoding="UTF-8"?>
<testsuite name="com.example.android.testing.unittesting.BasicSample.EmailValidatorTest" tests="7" skipped="0" failures="0" errors="0" timestamp="2019-07-30T09:02:36" hostname="ndi-mb-009" time="0.002">
  <properties/>
  <testcase name="emailValidator_InvalidEmailNoTld_ReturnsFalse" classname="com.example.android.testing.unittesting.BasicSample.EmailValidatorTest" time="0.001"/>
  <testcase name="emailValidator_CorrectEmailSimple_ReturnsTrue" classname="com.example.android.testing.unittesting.BasicSample.EmailValidatorTest" time="0.0"/>
  <testcase name="emailValidator_NullEmail_ReturnsFalse" classname="com.example.android.testing.unittesting.BasicSample.EmailValidatorTest" time="0.0"/>
  <testcase name="emailValidator_CorrectEmailSubDomain_ReturnsTrue" classname="com.example.android.testing.unittesting.BasicSample.EmailValidatorTest" time="0.0"/>
  <testcase name="emailValidator_InvalidEmailDoubleDot_ReturnsFalse" classname="com.example.android.testing.unittesting.BasicSample.EmailValidatorTest" time="0.0"/>
  <testcase name="emailValidator_InvalidEmailNoUsername_ReturnsFalse" classname="com.example.android.testing.unittesting.BasicSample.EmailValidatorTest" time="0.0"/>
  <testcase name="emailValidator_EmptyString_ReturnsFalse" classname="com.example.android.testing.unittesting.BasicSample.EmailValidatorTest" time="0.0"/>
  <system-out><![CDATA[]]></system-out>
  <system-err><![CDATA[]]></system-err>
</testsuite>
